0 info it worked if it ends with ok
1 verbose cli [ 'C:\\E_Drive\\Tools\\NodeJS\\node.exe',
1 verbose cli   'C:\\Users\\ayush.shukla\\AppData\\Roaming\\npm\\node_modules\\npm\\bin\\npm-cli.js',
1 verbose cli   'start' ]
2 info using npm@3.8.6
3 info using node@v6.1.0
4 verbose run-script [ 'prestart', 'start', 'poststart' ]
5 info lifecycle myapp@0.0.0~prestart: myapp@0.0.0
6 silly lifecycle myapp@0.0.0~prestart: no script for prestart, continuing
7 info lifecycle myapp@0.0.0~start: myapp@0.0.0
8 verbose lifecycle myapp@0.0.0~start: unsafe-perm in lifecycle true
9 verbose lifecycle myapp@0.0.0~start: PATH: C:\Users\ayush.shukla\AppData\Roaming\npm\node_modules\npm\bin\node-gyp-bin;C:\E_Drive\STS_Workspace_1\ArrowAsNodeJs1\node_modules\.bin;C:\E_Drive\Tools\NodeJS;C:\Users\ayush.shukla\bin;C:\E_Drive\Tools\Git\mingw64\bin;C:\E_Drive\Tools\Git\usr\local\bin;C:\E_Drive\Tools\Git\usr\bin;C:\E_Drive\Tools\Git\usr\bin;C:\E_Drive\Tools\Git\mingw64\bin;C:\E_Drive\Tools\Git\usr\bin;C:\Users\ayush.shukla\bin;C:\ProgramData\Oracle\Java\javapath;C:\E_Drive\Tools\Ruby22-x64\bin;C:\Program Files\Common Files\Microsoft Shared\Microsoft Online Services;C:\Program Files (x86)\Common Files\Microsoft Shared\Microsoft Online Services;C:\WINDOWS\system32;C:\WINDOWS;C:\WINDOWS\System32\Wbem;C:\WINDOWS\System32\WindowsPowerShell\v1.0;C:\Program Files\Symantec.cloud\PlatformAgent;C:\Program Files (x86)\Skype\Phone;C:\WINDOWS\System32\WindowsPowerShell\v1.0;C:\E_Drive\Python;C:\Program Files (x86)\GtkSharp\2.12\bin;C:\E_Drive\Tools\Git\cmd;C:\E_Drive\Tools\NodeJS;C:\E_Drive\Tools\JavaInstallation\JDK\bin;.;C:\Users\ayush.shukla\AppData\Roaming\npm;C:\E_Drive\Tools\Git\usr\bin\vendor_perl;C:\E_Drive\Tools\Git\usr\bin\core_perl
10 verbose lifecycle myapp@0.0.0~start: CWD: C:\E_Drive\STS_Workspace_1\ArrowAsNodeJs1
11 silly lifecycle myapp@0.0.0~start: Args: [ '/d /s /c', 'node ./bin/www' ]
12 silly lifecycle myapp@0.0.0~start: Returned: code: 1  signal: null
13 info lifecycle myapp@0.0.0~start: Failed to exec start script
14 verbose stack Error: myapp@0.0.0 start: `node ./bin/www`
14 verbose stack Exit status 1
14 verbose stack     at EventEmitter.<anonymous> (C:\Users\ayush.shukla\AppData\Roaming\npm\node_modules\npm\lib\utils\lifecycle.js:239:16)
14 verbose stack     at emitTwo (events.js:106:13)
14 verbose stack     at EventEmitter.emit (events.js:191:7)
14 verbose stack     at ChildProcess.<anonymous> (C:\Users\ayush.shukla\AppData\Roaming\npm\node_modules\npm\lib\utils\spawn.js:24:14)
14 verbose stack     at emitTwo (events.js:106:13)
14 verbose stack     at ChildProcess.emit (events.js:191:7)
14 verbose stack     at maybeClose (internal/child_process.js:850:16)
14 verbose stack     at Process.ChildProcess._handle.onexit (internal/child_process.js:215:5)
15 verbose pkgid myapp@0.0.0
16 verbose cwd C:\E_Drive\STS_Workspace_1\ArrowAsNodeJs1
17 error Windows_NT 6.1.7601
18 error argv "C:\\E_Drive\\Tools\\NodeJS\\node.exe" "C:\\Users\\ayush.shukla\\AppData\\Roaming\\npm\\node_modules\\npm\\bin\\npm-cli.js" "start"
19 error node v6.1.0
20 error npm  v3.8.6
21 error code ELIFECYCLE
22 error myapp@0.0.0 start: `node ./bin/www`
22 error Exit status 1
23 error Failed at the myapp@0.0.0 start script 'node ./bin/www'.
23 error Make sure you have the latest version of node.js and npm installed.
23 error If you do, this is most likely a problem with the myapp package,
23 error not with npm itself.
23 error Tell the author that this fails on your system:
23 error     node ./bin/www
23 error You can get information on how to open an issue for this project with:
23 error     npm bugs myapp
23 error Or if that isn't available, you can get their info via:
23 error     npm owner ls myapp
23 error There is likely additional logging output above.
24 verbose exit [ 1, true ]
